Java(TM) SE Runtime Environment (build 1.8.0_261-b12) from Oracle Corporation - Java HotSpot(TM) 64-Bit Server VM (build 25.261-b12, mixed mode) - Windows 10 10.0, architecture: amd64-642021-03-19 09:49:17.540 [main] INFO [org.springframework.boot.StartupInfoLogger.logStarting] - Starting FarenkuApplication on rzwei2 with PID 12244 (D:\rzwei\SVN\gov-farenku\dev\src\farenku\gov.farenku\target\classes started by rzwei in D:\rzwei\SVN\gov-farenku\dev\src\farenku\gov.farenku)
2021-03-19 09:49:17.544 [main] INFO [org.springframework.boot.SpringApplication.logStartupProfileInfo] - The following profiles are active: dev
2021-03-19 09:49:17.580 [main] INFO [org.springframework.context.support.AbstractApplicationContext.prepareRefresh] - Refreshing org.springframework.boot.web.servlet.context.AnnotationConfigServletWebServerApplicationContext@5e17553a: startup date [Fri Mar 19 09:49:17 CST 2021]; root of context hierarchy
2021-03-19 09:49:18.239 [main] INFO [org.springframework.context.support.PostProcessorRegistrationDelegate$BeanPostProcessorChecker.postProcessAfterInitialization] - Bean 'com.wind.ent.BootstrapConfiguration' of type [com.wind.ent.BootstrapConfiguration$$EnhancerBySpringCGLIB$$31e39a1b] is not eligible for getting processed by all BeanPostProcessors (for example: not eligible for auto-proxying)
2021-03-19 09:49:18.243 [main] INFO [org.springframework.scheduling.concurrent.ExecutorConfigurationSupport.initialize] - Initializing ExecutorService
2021-03-19 09:49:18.960 [main] INFO [org.springframework.boot.web.embedded.tomcat.TomcatWebServer.initialize] - Tomcat initialized with port(s): 8081 (http)
2021-03-19 09:49:18.974 [main] INFO [org.apache.juli.logging.DirectJDKLog.log] - Initializing ProtocolHandler ["http-nio-8081"]
2021-03-19 09:49:18.985 [main] INFO [org.apache.juli.logging.DirectJDKLog.log] - Starting service [Tomcat]
2021-03-19 09:49:18.985 [main] INFO [org.apache.juli.logging.DirectJDKLog.log] - Starting Servlet Engine: Apache Tomcat/8.5.35
2021-03-19 09:49:18.993 [localhost-startStop-1] INFO [org.apache.juli.logging.DirectJDKLog.log] - The APR based Apache Tomcat Native library which allows optimal performance in production environments was not found on the java.library.path: [C:\jdk1.8\bin;C:\Windows\Sun\Java\bin;C:\Windows\system32;C:\Windows;C:\Program Files (x86)\Common Files\Oracle\Java\javapath;C:\Windows\system32;C:\Windows;C:\Windows\System32\Wbem;C:\Windows\System32\WindowsPowerShell\v1.0\;C:\Windows\System32\OpenSSH\;C:\Program Files\TortoiseSVN\bin;C:\Program Files\PuTTY\;C:\Program Files (x86)\Intel\Intel(R) Management Engine Components\DAL;C:\Program Files\Intel\Intel(R) Management Engine Components\DAL;C:\jdk1.8\\bin\;C:\apache-maven\apache-maven-3.3.9\\bin\;C:\apache-maven\apache-maven-3.3.9\bin\;D:\nodeJs\;C:\Users\rzwei\Miniconda3;%USERPROFILE%\AppData\Local\Microsoft\WindowsApps;C:\Wind\Wind.NET.Client\WindNET\bin;C:\Wind\Wind.NET.Client\WindNET\x64;D:\Microsoft VS Code\bin;C:\Users\rzwei\AppData\Roaming\npm;D:\VM\bin;D:\VM\x64;D:\myHome\bin;D:\myHome\x64;D:\zc12\bin;D:\zc12\x64;D:\rzweiHome\DGOV (2)\bin;D:\rzweiHome\DGOV (2)\x64;D:\Wind\WGT\bin;D:\Wind\WGT\x64;.]
2021-03-19 09:49:19.106 [localhost-startStop-1] INFO [org.apache.juli.logging.DirectJDKLog.log] - Initializing Spring embedded WebApplicationContext
2021-03-19 09:49:19.107 [localhost-startStop-1] INFO [org.springframework.boot.web.servlet.context.ServletWebServerApplicationContext.prepareWebApplicationContext] - Root WebApplicationContext: initialization completed in 1527 ms
2021-03-19 09:49:19.136 [localhost-startStop-1] INFO [org.springframework.boot.web.servlet.ServletRegistrationBean.addRegistration] - Servlet dispatcherServlet mapped to [/]
2021-03-19 09:49:19.139 [localhost-startStop-1] INFO [org.springframework.boot.web.servlet.AbstractFilterRegistrationBean.configure] - Mapping filter: 'characterEncodingFilter' to: [/*]
2021-03-19 09:49:19.245 [main] INFO [org.springframework.web.servlet.handler.AbstractHandlerMethodMapping$MappingRegistry.register] - Mapped "{[/farenku/{apiName}]}" onto public com.gov.farenku.model.response.base.ResponseBase com.gov.farenku.controller.FarenkuController.getData(java.lang.String,com.gov.farenku.model.request.CommonRequest)
2021-03-19 09:49:19.246 [main] INFO [org.springframework.web.servlet.handler.AbstractHandlerMethodMapping$MappingRegistry.register] - Mapped "{[ || /],methods=[POST || GET]}" onto public org.springframework.web.servlet.view.RedirectView com.gov.farenku.controller.HomeController.index()
2021-03-19 09:49:19.247 [main] INFO [org.springframework.web.servlet.handler.AbstractHandlerMethodMapping$MappingRegistry.register] - Mapped "{[/farenku/login],methods=[GET || POST]}" onto public java.lang.Object com.gov.farenku.controller.LoginController.Login(java.lang.String,java.lang.String)
2021-03-19 09:49:19.247 [main] INFO [org.springframework.web.servlet.handler.AbstractHandlerMethodMapping$MappingRegistry.register] - Mapped "{[/mock/farenku/{apiName}],methods=[GET || POST]}" onto public com.gov.farenku.model.response.base.ResponseBase com.gov.farenku.controller.mock.FarenkuMockController.getMockData(java.lang.String,com.gov.farenku.model.request.CommonRequest)
2021-03-19 09:49:19.252 [main] INFO [org.springframework.web.servlet.handler.AbstractHandlerMethodMapping$MappingRegistry.register] - Mapped "{[/error]}" onto public org.springframework.http.ResponseEntity<java.util.Map<java.lang.String, java.lang.Object>> org.springframework.boot.autoconfigure.web.servlet.error.BasicErrorController.error(javax.servlet.http.HttpServletRequest)
2021-03-19 09:49:19.253 [main] INFO [org.springframework.web.servlet.handler.AbstractHandlerMethodMapping$MappingRegistry.register] - Mapped "{[/error],produces=[text/html]}" onto public org.springframework.web.servlet.ModelAndView org.springframework.boot.autoconfigure.web.servlet.error.BasicErrorController.errorHtml(javax.servlet.http.HttpServletRequest,javax.servlet.http.HttpServletResponse)
2021-03-19 09:49:19.278 [main] INFO [org.springframework.web.servlet.handler.AbstractUrlHandlerMapping.registerHandler] - Mapped URL path [/**] onto handler of type [class org.springframework.web.servlet.resource.ResourceHttpRequestHandler]
2021-03-19 09:49:19.278 [main] INFO [org.springframework.web.servlet.handler.AbstractUrlHandlerMapping.registerHandler] - Mapped URL path [/jquery/**] onto handler of type [class org.springframework.web.servlet.resource.ResourceHttpRequestHandler]
2021-03-19 09:49:19.315 [main] INFO [org.springframework.web.servlet.mvc.method.annotation.RequestMappingHandlerAdapter.initControllerAdviceCache] - Looking for @ControllerAdvice: org.springframework.boot.web.servlet.context.AnnotationConfigServletWebServerApplicationContext@5e17553a: startup date [Fri Mar 19 09:49:17 CST 2021]; root of context hierarchy
2021-03-19 09:49:19.391 [main] INFO [org.springframework.scheduling.concurrent.ExecutorConfigurationSupport.initialize] - Initializing ExecutorService
2021-03-19 09:49:19.398 [main] INFO [org.springframework.scheduling.concurrent.ExecutorConfigurationSupport.initialize] - Initializing ExecutorService 'taskScheduler'
2021-03-19 09:49:19.550 [main] INFO [org.springframework.jmx.export.MBeanExporter.afterSingletonsInstantiated] - Registering beans for JMX exposure on startup
2021-03-19 09:49:19.561 [main] INFO [org.apache.juli.logging.DirectJDKLog.log] - Starting ProtocolHandler ["http-nio-8081"]
2021-03-19 09:49:19.567 [main] INFO [org.apache.juli.logging.DirectJDKLog.log] - Using a shared selector for servlet write/read
2021-03-19 09:49:19.580 [main] INFO [org.springframework.boot.web.embedded.tomcat.TomcatWebServer.start] - Tomcat started on port(s): 8081 (http) with context path ''
2021-03-19 09:49:19.583 [main] INFO [org.springframework.boot.StartupInfoLogger.logStarted] - Started FarenkuApplication in 2.784 seconds (JVM running for 3.611)
2021-03-19 09:49:19.584 [main] INFO [com.gov.farenku.FarenkuApplication.run] - Farenku Application Running....................
2021-03-19 09:51:12.695 [http-nio-8081-exec-1] INFO [org.apache.juli.logging.DirectJDKLog.log] - Initializing Spring FrameworkServlet 'dispatcherServlet'
2021-03-19 09:51:12.695 [http-nio-8081-exec-1] INFO [org.springframework.web.servlet.FrameworkServlet.initServletBean] - FrameworkServlet 'dispatcherServlet': initialization started
2021-03-19 09:51:12.718 [http-nio-8081-exec-1] INFO [org.springframework.web.servlet.FrameworkServlet.initServletBean] - FrameworkServlet 'dispatcherServlet': initialization completed in 23 ms
